<?xml version="1.0" encoding="UTF-8"?>
<testsuites name="GutTests" failures="1" tests="1" >
  <testsuite name="res://Tests/test_npc.gd" tests="1" failures="1" skipped="0" >
      <testcase name="test_goap" assertions="5" status="fail" classname="res://Tests/test_npc.gd" >
      <failure message="failed">Array([<RefCounted#-9223371978084186552>]) != Array([]).
      [<RefCounted#-9223371978084186552>] != []  1 of 1 indexes do not match.  Should pass - objectives finished
            at line 129</failure></testcase>
      </testsuite>
  </testsuites>